Symptom : anxiety 			 5 time(s) 
Symptom : arrhythmias 			 3 time(s) 
Symptom : blindness 			 1 time(s) 
Symptom : blurred vision 		 5 time(s) 
Symptom : constricted pupils 		 3 time(s) 
Symptom : cough 			 6 time(s) 
Symptom : dialated pupils 		 4 time(s) 
Symptom : dizziness 			 5 time(s) 
Symptom : dry mouth 			 8 time(s) 
Symptom : fever 			 7 time(s) 
Symptom : headache 			 3 time(s) 
Symptom : high blood pressure 		 10 time(s) 
Symptom : inflamation 			 7 time(s) 
Symptom : insomnia 			 4 time(s) 
Symptom : low blood pressure 		 4 time(s) 
Symptom : nausea 			 5 time(s) 
Symptom : rapid heart rate 		 1 time(s) 
Symptom : rash 				 4 time(s) 
Symptom : shortness of breath 		 3 time(s) 
Symptom : stiff neck 			 4 time(s) 
Symptom : stomach pain 			 3 time(s) 
Symptom : tremor 			 4 time(s) 
Symptom : water retention 		 1 time(s) 
